Determining if the pthread_create exist failed with the following output:
Change Dir: /home/hsawa/Code/catkin_ws/build/CMakeFiles/CMakeTmp

Run Build Command:"/usr/bin/make" "cmTC_e6ece/fast"
/usr/bin/make -f CMakeFiles/cmTC_e6ece.dir/build.make CMakeFiles/cmTC_e6ece.dir/build
make[1]: ディレクトリ '/home/hsawa/Code/catkin_ws/build/CMakeFiles/CMakeTmp' に入ります
Building C object CMakeFiles/cmTC_e6ece.dir/CheckSymbolExists.c.o
/usr/bin/cc     -o CMakeFiles/cmTC_e6ece.dir/CheckSymbolExists.c.o   -c /home/hsawa/Code/catkin_ws/build/CMakeFiles/CMakeTmp/CheckSymbolExists.c
Linking C executable cmTC_e6ece
/usr/bin/cmake -E cmake_link_script CMakeFiles/cmTC_e6ece.dir/link.txt --verbose=1
/usr/bin/cc       CMakeFiles/cmTC_e6ece.dir/CheckSymbolExists.c.o  -o cmTC_e6ece -rdynamic 
CMakeFiles/cmTC_e6ece.dir/CheckSymbolExists.c.o: 関数 `main' 内:
CheckSymbolExists.c:(.text+0x16): `pthread_create' に対する定義されていない参照です
collect2: error: ld returned 1 exit status
CMakeFiles/cmTC_e6ece.dir/build.make:97: ターゲット 'cmTC_e6ece' のレシピで失敗しました
make[1]: *** [cmTC_e6ece] エラー 1
make[1]: ディレクトリ '/home/hsawa/Code/catkin_ws/build/CMakeFiles/CMakeTmp' から出ます
Makefile:126: ターゲット 'cmTC_e6ece/fast' のレシピで失敗しました
make: *** [cmTC_e6ece/fast] エラー 2

File /home/hsawa/Code/catkin_ws/build/CMakeFiles/CMakeTmp/CheckSymbolExists.c:
/* */
#include <pthread.h>

int main(int argc, char** argv)
{
  (void)argv;
#ifndef pthread_create
  return ((int*)(&pthread_create))[argc];
#else
  (void)argc;
  return 0;
#endif
}

Determining if the function pthread_create exists in the pthreads failed with the following output:
Change Dir: /home/hsawa/Code/catkin_ws/build/CMakeFiles/CMakeTmp

Run Build Command:"/usr/bin/make" "cmTC_0a0ec/fast"
/usr/bin/make -f CMakeFiles/cmTC_0a0ec.dir/build.make CMakeFiles/cmTC_0a0ec.dir/build
make[1]: ディレクトリ '/home/hsawa/Code/catkin_ws/build/CMakeFiles/CMakeTmp' に入ります
Building C object CMakeFiles/cmTC_0a0ec.dir/CheckFunctionExists.c.o
/usr/bin/cc    -DCHECK_FUNCTION_EXISTS=pthread_create   -o CMakeFiles/cmTC_0a0ec.dir/CheckFunctionExists.c.o   -c /usr/share/cmake-3.5/Modules/CheckFunctionExists.c
Linking C executable cmTC_0a0ec
/usr/bin/cmake -E cmake_link_script CMakeFiles/cmTC_0a0ec.dir/link.txt --verbose=1
/usr/bin/cc   -DCHECK_FUNCTION_EXISTS=pthread_create    CMakeFiles/cmTC_0a0ec.dir/CheckFunctionExists.c.o  -o cmTC_0a0ec -rdynamic -lpthreads 
/usr/bin/ld: -lpthreads が見つかりません
collect2: error: ld returned 1 exit status
CMakeFiles/cmTC_0a0ec.dir/build.make:97: ターゲット 'cmTC_0a0ec' のレシピで失敗しました
make[1]: *** [cmTC_0a0ec] エラー 1
make[1]: ディレクトリ '/home/hsawa/Code/catkin_ws/build/CMakeFiles/CMakeTmp' から出ます
Makefile:126: ターゲット 'cmTC_0a0ec/fast' のレシピで失敗しました
make: *** [cmTC_0a0ec/fast] エラー 2


